<?xml version="1.0" encoding="UTF-8"?>
<!-- Generated by org.testng.reporters.JUnitReportReporter -->
<testsuite skipped="0" hostname="wintlt-Latitude-E6440" name="pac1.Program1" tests="1" failures="0" timestamp="2021-12-24T02:08:19 IST" time="8.969" errors="0">
  <testcase name="LaunchanClicks" time="8.969" classname="pac1.Program1"/>
  <system-out/>
</testsuite> <!-- pac1.Program1 -->
